<?xml version="1.0" encoding="UTF-8"?>
<testsuite xmlns:xsi="http://www.w3.org/2001/XMLSchema-instance" xsi:noNamespaceSchemaLocation="https://maven.apache.org/surefire/maven-surefire-plugin/xsd/surefire-test-report.xsd" version="3.0.2" name="com.shwephoo.joystay_api.JoystayHotelManagementSystemApplicationTests" time="10.176" tests="1" errors="0" skipped="0" failures="0">
  <properties>
[...]
</properties>
  <testcase name="contextLoads" classname="com.shwephoo.joystay_api.JoystayHotelManagementSystemApplicationTests" time="0.624">
    <system-out><![CDATA[11:32:35.135 [main] INFO org.springframework.test.context.support.AnnotationConfigContextLoaderUtils -- Could not detect default configuration classes for test class [com.shwephoo.joystay_api.JoystayHotelManagementSystemApplicationTests]: JoystayHotelManagementSystemApplicationTests does not declare any static, non-private, non-final, nested classes annotated with @Configuration.
11:32:35.335 [main] INFO org.springframework.boot.test.context.SpringBootTestContextBootstrapper -- Found @SpringBootConfiguration com.shwephoo.joystay_api.JoystayHotelManagementSystemApplication for test class com.shwephoo.joystay_api.JoystayHotelManagementSystemApplicationTests

  .   ____          _            __ _ _
 /\\ / ___'_ __ _ _(_)_ __  __ _ \ \ \ \
( ( )\___ | '_ | '_| | '_ \/ _` | \ \ \ \
 \\/  ___)| |_)| | | | | || (_| |  ) ) ) )
  '  |____| .__|_| |_|_| |_\__, | / / / /
 =========|_|==============|___/=/_/_/_/

 :: Spring Boot ::                (v3.4.4)

2025-05-22T11:32:36.000+06:30  INFO 11092 --- [           main] tayHotelManagementSystemApplicationTests : Starting JoystayHotelManagementSystemApplicationTests using Java 17.0.10 with PID 11092 (started by ASUS in C:\My Projects\Joystay\joystay-api)
2025-05-22T11:32:36.002+06:30  INFO 11092 --- [           main] tayHotelManagementSystemApplicationTests : No active profile set, falling back to 1 default profile: "default"
2025-05-22T11:32:37.309+06:30  INFO 11092 --- [           main] .s.d.r.c.RepositoryConfigurationDelegate : Bootstrapping Spring Data JPA repositories in DEFAULT mode.
2025-05-22T11:32:37.502+06:30  INFO 11092 --- [           main] .s.d.r.c.RepositoryConfigurationDelegate : Finished Spring Data repository scanning in 168 ms. Found 6 JPA repository interfaces.
2025-05-22T11:32:38.831+06:30  INFO 11092 --- [           main] o.hibernate.jpa.internal.util.LogHelper  : HHH000204: Processing PersistenceUnitInfo [name: default]
2025-05-22T11:32:39.013+06:30  INFO 11092 --- [           main] org.hibernate.Version                    : HHH000412: Hibernate ORM core version 6.6.11.Final
2025-05-22T11:32:39.131+06:30  INFO 11092 --- [           main] o.h.c.internal.RegionFactoryInitiator    : HHH000026: Second-level cache disabled
2025-05-22T11:32:40.089+06:30  INFO 11092 --- [           main] o.s.o.j.p.SpringPersistenceUnitInfo      : No LoadTimeWeaver setup: ignoring JPA class transformer
2025-05-22T11:32:40.162+06:30  INFO 11092 --- [           main] com.zaxxer.hikari.HikariDataSource       : HikariPool-1 - Starting...
2025-05-22T11:32:40.781+06:30  INFO 11092 --- [           main] com.zaxxer.hikari.pool.HikariPool        : HikariPool-1 - Added connection com.mysql.cj.jdbc.ConnectionImpl@54e0f76f
2025-05-22T11:32:40.785+06:30  INFO 11092 --- [           main] com.zaxxer.hikari.HikariDataSource       : HikariPool-1 - Start completed.
2025-05-22T11:32:40.960+06:30  INFO 11092 --- [           main] org.hibernate.orm.connections.pooling    : HHH10001005: Database info:
	Database JDBC URL [Connecting through datasource 'HikariDataSource (HikariPool-1)']
	Database driver: undefined/unknown
	Database version: 9.2
	Autocommit mode: undefined/unknown
	Isolation level: undefined/unknown
	Minimum pool size: undefined/unknown
	Maximum pool size: undefined/unknown
2025-05-22T11:32:42.274+06:30  INFO 11092 --- [           main] o.h.e.t.j.p.i.JtaPlatformInitiator       : HHH000489: No JTA platform available (set 'hibernate.transaction.jta.platform' to enable JTA platform integration)
2025-05-22T11:32:42.415+06:30  INFO 11092 --- [           main] j.LocalContainerEntityManagerFactoryBean : Initialized JPA EntityManagerFactory for persistence unit 'default'
2025-05-22T11:32:43.076+06:30  WARN 11092 --- [           main] JpaBaseConfiguration$JpaWebConfiguration : spring.jpa.open-in-view is enabled by default. Therefore, database queries may be performed during view rendering. Explicitly configure spring.jpa.open-in-view to disable this warning
2025-05-22T11:32:43.118+06:30  WARN 11092 --- [           main] r$InitializeUserDetailsManagerConfigurer : Found 2 UserDetailsService beans, with names [userService, userDetailsService]. Global Authentication Manager will not use a UserDetailsService for username/password login. Consider publishing a single UserDetailsService bean.
2025-05-22T11:32:43.118+06:30 DEBUG 11092 --- [           main] swordEncoderAuthenticationManagerBuilder : No authenticationProviders and no parentAuthenticationManager defined. Returning null.
2025-05-22T11:32:43.672+06:30 DEBUG 11092 --- [           main] o.s.s.web.DefaultSecurityFilterChain     : Will secure any request with filters: DisableEncodeUrlFilter, WebAsyncManagerIntegrationFilter, SecurityContextHolderFilter, HeaderWriterFilter, LogoutFilter, JwtAuthFilter, RequestCacheAwareFilter, SecurityContextHolderAwareRequestFilter, AnonymousAuthenticationFilter, ExceptionTranslationFilter, AuthorizationFilter
2025-05-22T11:32:44.165+06:30  INFO 11092 --- [           main] tayHotelManagementSystemApplicationTests : Started JoystayHotelManagementSystemApplicationTests in 8.526 seconds (process running for 9.937)
Hibernate: select u1_0.id,u1_0.password,u1_0.role,u1_0.username from user u1_0 where u1_0.username=?
]]></system-out>
  </testcase>
</testsuite>