<?xml version="1.0" encoding="UTF-8"?>
<testsuite xmlns:xsi="http://www.w3.org/2001/XMLSchema-instance" xsi:noNamespaceSchemaLocation="https://maven.apache.org/surefire/maven-surefire-plugin/xsd/surefire-test-report.xsd" version="3.0.2" name="com.shwephoo.joystay_api.JoystayHotelManagementSystemApplicationTests" time="63.761" tests="1" errors="0" skipped="0" failures="0">
  <properties>
[...]
</properties>
  <testcase name="contextLoads" classname="com.shwephoo.joystay_api.JoystayHotelManagementSystemApplicationTests" time="20.197">
    <system-out><![CDATA[15:09:14.595 [main] INFO org.springframework.test.context.support.AnnotationConfigContextLoaderUtils -- Could not detect default configuration classes for test class [com.shwephoo.joystay_api.JoystayHotelManagementSystemApplicationTests]: JoystayHotelManagementSystemApplicationTests does not declare any static, non-private, non-final, nested classes annotated with @Configuration.
15:09:15.832 [main] INFO org.springframework.boot.test.context.SpringBootTestContextBootstrapper -- Found @SpringBootConfiguration com.shwephoo.joystay_api.JoystayHotelManagementSystemApplication for test class com.shwephoo.joystay_api.JoystayHotelManagementSystemApplicationTests

  .   ____          _            __ _ _
 /\\ / ___'_ __ _ _(_)_ __  __ _ \ \ \ \
( ( )\___ | '_ | '_| | '_ \/ _` | \ \ \ \
 \\/  ___)| |_)| | | | | || (_| |  ) ) ) )
  '  |____| .__|_| |_|_| |_\__, | / / / /
 =========|_|==============|___/=/_/_/_/

 :: Spring Boot ::                (v3.4.4)

2025-04-14T15:09:17.679+06:30  INFO 20132 --- [Joystay Hotel Management System] [           main] tayHotelManagementSystemApplicationTests : Starting JoystayHotelManagementSystemApplicationTests using Java 17.0.10 with PID 20132 (started by ASUS in C:\My Projects\Joystay\joystay-api)
2025-04-14T15:09:17.683+06:30  INFO 20132 --- [Joystay Hotel Management System] [           main] tayHotelManagementSystemApplicationTests : No active profile set, falling back to 1 default profile: "default"
2025-04-14T15:09:21.074+06:30  INFO 20132 --- [Joystay Hotel Management System] [           main] .s.d.r.c.RepositoryConfigurationDelegate : Bootstrapping Spring Data JPA repositories in DEFAULT mode.
2025-04-14T15:09:21.422+06:30  INFO 20132 --- [Joystay Hotel Management System] [           main] .s.d.r.c.RepositoryConfigurationDelegate : Finished Spring Data repository scanning in 302 ms. Found 1 JPA repository interface.
2025-04-14T15:09:24.262+06:30  INFO 20132 --- [Joystay Hotel Management System] [           main] o.hibernate.jpa.internal.util.LogHelper  : HHH000204: Processing PersistenceUnitInfo [name: default]
2025-04-14T15:09:24.689+06:30  INFO 20132 --- [Joystay Hotel Management System] [           main] org.hibernate.Version                    : HHH000412: Hibernate ORM core version 6.6.11.Final
2025-04-14T15:09:24.928+06:30  INFO 20132 --- [Joystay Hotel Management System] [           main] o.h.c.internal.RegionFactoryInitiator    : HHH000026: Second-level cache disabled
2025-04-14T15:09:27.608+06:30  INFO 20132 --- [Joystay Hotel Management System] [           main] o.s.o.j.p.SpringPersistenceUnitInfo      : No LoadTimeWeaver setup: ignoring JPA class transformer
2025-04-14T15:09:27.856+06:30  INFO 20132 --- [Joystay Hotel Management System] [           main] com.zaxxer.hikari.HikariDataSource       : HikariPool-1 - Starting...
2025-04-14T15:09:29.919+06:30  INFO 20132 --- [Joystay Hotel Management System] [           main] com.zaxxer.hikari.pool.HikariPool        : HikariPool-1 - Added connection com.mysql.cj.jdbc.ConnectionImpl@59313495
2025-04-14T15:09:29.933+06:30  INFO 20132 --- [Joystay Hotel Management System] [           main] com.zaxxer.hikari.HikariDataSource       : HikariPool-1 - Start completed.
2025-04-14T15:09:30.183+06:30  WARN 20132 --- [Joystay Hotel Management System] [           main] org.hibernate.orm.deprecation            : HHH90000025: MySQL8Dialect does not need to be specified explicitly using 'hibernate.dialect' (remove the property setting and it will be selected by default)
2025-04-14T15:09:30.190+06:30  WARN 20132 --- [Joystay Hotel Management System] [           main] org.hibernate.orm.deprecation            : HHH90000026: MySQL8Dialect has been deprecated; use org.hibernate.dialect.MySQLDialect instead
2025-04-14T15:09:30.379+06:30  INFO 20132 --- [Joystay Hotel Management System] [           main] org.hibernate.orm.connections.pooling    : HHH10001005: Database info:
	Database JDBC URL [Connecting through datasource 'HikariDataSource (HikariPool-1)']
	Database driver: undefined/unknown
	Database version: 8.0
	Autocommit mode: undefined/unknown
	Isolation level: undefined/unknown
	Minimum pool size: undefined/unknown
	Maximum pool size: undefined/unknown
2025-04-14T15:09:38.894+06:30  INFO 20132 --- [Joystay Hotel Management System] [           main] o.h.e.t.j.p.i.JtaPlatformInitiator       : HHH000489: No JTA platform available (set 'hibernate.transaction.jta.platform' to enable JTA platform integration)
2025-04-14T15:09:41.671+06:30  INFO 20132 --- [Joystay Hotel Management System] [           main] j.LocalContainerEntityManagerFactoryBean : Initialized JPA EntityManagerFactory for persistence unit 'default'
2025-04-14T15:09:50.055+06:30  WARN 20132 --- [Joystay Hotel Management System] [           main] JpaBaseConfiguration$JpaWebConfiguration : spring.jpa.open-in-view is enabled by default. Therefore, database queries may be performed during view rendering. Explicitly configure spring.jpa.open-in-view to disable this warning
2025-04-14T15:09:57.354+06:30  INFO 20132 --- [Joystay Hotel Management System] [           main] tayHotelManagementSystemApplicationTests : Started JoystayHotelManagementSystemApplicationTests in 40.595 seconds (process running for 45.295)
]]></system-out>
  </testcase>
</testsuite>